[0605/102136.222:ERROR:gpu_init.cc(426)] Passthrough is not supported, GL is disabled
[0605/102757.022:WARNING:angle_platform_impl.cc(48)] HLSLCompiler.cpp:257 (compileToBinary): 
C:\fakepath(102,1-6): warning X4000: use of potentially uninitialized variable (dyn_index_vec4_float4)

[0605/102757.121:WARNING:angle_platform_impl.cc(48)] HLSLCompiler.cpp:257 (compileToBinary): 
C:\fakepath(125,1): warning X4000: use of potentially uninitialized variable (f_mainImage)

[0605/102757.166:WARNING:angle_platform_impl.cc(48)] HLSLCompiler.cpp:257 (compileToBinary): 
C:\fakepath(135,1): warning X4000: use of potentially uninitialized variable (f_i)
C:\fakepath(137,1): warning X4000: use of potentially uninitialized variable (f_i)
C:\fakepath(173,1): warning X4000: use of potentially uninitialized variable (f_u)

[0605/102758.219:WARNING:angle_platform_impl.cc(48)] HLSLCompiler.cpp:257 (compileToBinary): 
C:\fakepath(381,10-38): warning X4008: floating point division by zero
C:\fakepath(381,10-38): warning X4008: floating point division by zero

[0605/102758.598:WARNING:angle_platform_impl.cc(48)] HLSLCompiler.cpp:257 (compileToBinary): 
C:\fakepath(165,1): warning X4000: use of potentially uninitialized variable (f_renderMipMapLevel)

[0605/120317.885:WARNING:dns_config_service_win.cc(712)] Failed to read DnsConfig.
[0605/120317.889:WARNING:dns_config_service_win.cc(712)] Failed to read DnsConfig.
[0605/120321.413:WARNING:dns_config_service_win.cc(712)] Failed to read DnsConfig.
[0605/120321.419:WARNING:dns_config_service_win.cc(712)] Failed to read DnsConfig.
[0605/120321.452:WARNING:dns_config_service_win.cc(712)] Failed to read DnsConfig.
[0605/120321.454:WARNING:dns_config_service_win.cc(712)] Failed to read DnsConfig.
[0605/120322.906:WARNING:dns_config_service_win.cc(712)] Failed to read DnsConfig.
[0605/122009.203:WARNING:dns_config_service_win.cc(712)] Failed to read DnsConfig.
[0605/122009.220:WARNING:dns_config_service_win.cc(712)] Failed to read DnsConfig.
[0605/122009.266:WARNING:dns_config_service_win.cc(712)] Failed to read DnsConfig.
[0605/122009.271:WARNING:dns_config_service_win.cc(712)] Failed to read DnsConfig.
[0605/122014.206:WARNING:dns_config_service_win.cc(712)] Failed to read DnsConfig.
[0605/122014.235:WARNING:dns_config_service_win.cc(712)] Failed to read DnsConfig.
[0605/122014.269:WARNING:dns_config_service_win.cc(712)] Failed to read DnsConfig.
[0605/122014.289:WARNING:dns_config_service_win.cc(712)] Failed to read DnsConfig.
[0605/122019.211:WARNING:dns_config_service_win.cc(712)] Failed to read DnsConfig.
[0605/122019.255:WARNING:dns_config_service_win.cc(712)] Failed to read DnsConfig.
[0605/122019.273:WARNING:dns_config_service_win.cc(712)] Failed to read DnsConfig.
[0605/122019.301:WARNING:dns_config_service_win.cc(712)] Failed to read DnsConfig.
[0605/122024.215:WARNING:dns_config_service_win.cc(712)] Failed to read DnsConfig.
[0605/122024.262:WARNING:dns_config_service_win.cc(712)] Failed to read DnsConfig.
[0605/122024.278:WARNING:dns_config_service_win.cc(712)] Failed to read DnsConfig.
[0605/122024.312:WARNING:dns_config_service_win.cc(712)] Failed to read DnsConfig.
[0605/122029.219:WARNING:dns_config_service_win.cc(712)] Failed to read DnsConfig.
[0605/122029.277:WARNING:dns_config_service_win.cc(712)] Failed to read DnsConfig.
[0605/122029.281:WARNING:dns_config_service_win.cc(712)] Failed to read DnsConfig.
[0605/122029.323:WARNING:dns_config_service_win.cc(712)] Failed to read DnsConfig.
[0605/122034.223:WARNING:dns_config_service_win.cc(712)] Failed to read DnsConfig.
[0605/122034.284:WARNING:dns_config_service_win.cc(712)] Failed to read DnsConfig.
[0605/122034.293:WARNING:dns_config_service_win.cc(712)] Failed to read DnsConfig.
[0605/122034.340:WARNING:dns_config_service_win.cc(712)] Failed to read DnsConfig.
[0605/122039.228:WARNING:dns_config_service_win.cc(712)] Failed to read DnsConfig.
[0605/122039.289:WARNING:dns_config_service_win.cc(712)] Failed to read DnsConfig.
[0605/122039.304:WARNING:dns_config_service_win.cc(712)] Failed to read DnsConfig.
[0605/122039.351:WARNING:dns_config_service_win.cc(712)] Failed to read DnsConfig.
[0605/122042.221:WARNING:dns_config_service_win.cc(712)] Failed to read DnsConfig.
[0605/122042.236:WARNING:dns_config_service_win.cc(712)] Failed to read DnsConfig.
[0605/122044.231:WARNING:dns_config_service_win.cc(712)] Failed to read DnsConfig.
[0605/122044.293:WARNING:dns_config_service_win.cc(712)] Failed to read DnsConfig.
[0605/122044.312:WARNING:dns_config_service_win.cc(712)] Failed to read DnsConfig.
[0605/122044.356:WARNING:dns_config_service_win.cc(712)] Failed to read DnsConfig.
[0605/122047.235:WARNING:dns_config_service_win.cc(712)] Failed to read DnsConfig.
[0605/122047.239:WARNING:dns_config_service_win.cc(712)] Failed to read DnsConfig.
[0605/122049.235:WARNING:dns_config_service_win.cc(712)] Failed to read DnsConfig.
[0605/122049.297:WARNING:dns_config_service_win.cc(712)] Failed to read DnsConfig.
[0605/122049.323:WARNING:dns_config_service_win.cc(712)] Failed to read DnsConfig.
[0605/122049.370:WARNING:dns_config_service_win.cc(712)] Failed to read DnsConfig.
[0605/122052.258:WARNING:dns_config_service_win.cc(712)] Failed to read DnsConfig.
[0605/122054.240:WARNING:dns_config_service_win.cc(712)] Failed to read DnsConfig.
[0605/122054.301:WARNING:dns_config_service_win.cc(712)] Failed to read DnsConfig.
[0605/122054.339:WARNING:dns_config_service_win.cc(712)] Failed to read DnsConfig.
[0605/122054.384:WARNING:dns_config_service_win.cc(712)] Failed to read DnsConfig.
[0605/122057.275:WARNING:dns_config_service_win.cc(712)] Failed to read DnsConfig.
[0605/122059.243:WARNING:dns_config_service_win.cc(712)] Failed to read DnsConfig.
[0605/122059.305:WARNING:dns_config_service_win.cc(712)] Failed to read DnsConfig.
[0605/122059.348:WARNING:dns_config_service_win.cc(712)] Failed to read DnsConfig.
[0605/122059.396:WARNING:dns_config_service_win.cc(712)] Failed to read DnsConfig.
[0605/122102.291:WARNING:dns_config_service_win.cc(712)] Failed to read DnsConfig.
[0605/122104.248:WARNING:dns_config_service_win.cc(712)] Failed to read DnsConfig.
[0605/122104.309:WARNING:dns_config_service_win.cc(712)] Failed to read DnsConfig.
[0605/122104.361:WARNING:dns_config_service_win.cc(712)] Failed to read DnsConfig.
[0605/122104.408:WARNING:dns_config_service_win.cc(712)] Failed to read DnsConfig.
[0605/122107.296:WARNING:dns_config_service_win.cc(712)] Failed to read DnsConfig.
[0605/122109.252:WARNING:dns_config_service_win.cc(712)] Failed to read DnsConfig.
[0605/122109.313:WARNING:dns_config_service_win.cc(712)] Failed to read DnsConfig.
[0605/122109.374:WARNING:dns_config_service_win.cc(712)] Failed to read DnsConfig.
[0605/122109.421:WARNING:dns_config_service_win.cc(712)] Failed to read DnsConfig.
[0605/122112.306:WARNING:dns_config_service_win.cc(712)] Failed to read DnsConfig.
[0605/122114.256:WARNING:dns_config_service_win.cc(712)] Failed to read DnsConfig.
[0605/122114.317:WARNING:dns_config_service_win.cc(712)] Failed to read DnsConfig.
[0605/122114.385:WARNING:dns_config_service_win.cc(712)] Failed to read DnsConfig.
[0605/122114.433:WARNING:dns_config_service_win.cc(712)] Failed to read DnsConfig.
[0605/122117.321:WARNING:dns_config_service_win.cc(712)] Failed to read DnsConfig.
[0605/122119.261:WARNING:dns_config_service_win.cc(712)] Failed to read DnsConfig.
[0605/122119.322:WARNING:dns_config_service_win.cc(712)] Failed to read DnsConfig.
[0605/122119.400:WARNING:dns_config_service_win.cc(712)] Failed to read DnsConfig.
[0605/122119.445:WARNING:dns_config_service_win.cc(712)] Failed to read DnsConfig.
[0605/122122.337:WARNING:dns_config_service_win.cc(712)] Failed to read DnsConfig.
[0605/122124.265:WARNING:dns_config_service_win.cc(712)] Failed to read DnsConfig.
[0605/122124.326:WARNING:dns_config_service_win.cc(712)] Failed to read DnsConfig.
[0605/122124.416:WARNING:dns_config_service_win.cc(712)] Failed to read DnsConfig.
[0605/122124.462:WARNING:dns_config_service_win.cc(712)] Failed to read DnsConfig.
[0605/122127.352:WARNING:dns_config_service_win.cc(712)] Failed to read DnsConfig.
[0605/122129.269:WARNING:dns_config_service_win.cc(712)] Failed to read DnsConfig.
[0605/122129.329:WARNING:dns_config_service_win.cc(712)] Failed to read DnsConfig.
[0605/122129.431:WARNING:dns_config_service_win.cc(712)] Failed to read DnsConfig.
[0605/122129.478:WARNING:dns_config_service_win.cc(712)] Failed to read DnsConfig.
[0605/122132.361:WARNING:dns_config_service_win.cc(712)] Failed to read DnsConfig.
[0605/122134.273:WARNING:dns_config_service_win.cc(712)] Failed to read DnsConfig.
[0605/122134.333:WARNING:dns_config_service_win.cc(712)] Failed to read DnsConfig.
[0605/122134.443:WARNING:dns_config_service_win.cc(712)] Failed to read DnsConfig.
[0605/122134.487:WARNING:dns_config_service_win.cc(712)] Failed to read DnsConfig.
[0605/122137.367:WARNING:dns_config_service_win.cc(712)] Failed to read DnsConfig.
[0605/122139.277:WARNING:dns_config_service_win.cc(712)] Failed to read DnsConfig.
[0605/122139.339:WARNING:dns_config_service_win.cc(712)] Failed to read DnsConfig.
[0605/122139.462:WARNING:dns_config_service_win.cc(712)] Failed to read DnsConfig.
[0605/122139.491:WARNING:dns_config_service_win.cc(712)] Failed to read DnsConfig.
[0605/122142.384:WARNING:dns_config_service_win.cc(712)] Failed to read DnsConfig.
[0605/122144.283:WARNING:dns_config_service_win.cc(712)] Failed to read DnsConfig.
[0605/122144.343:WARNING:dns_config_service_win.cc(712)] Failed to read DnsConfig.
[0605/122144.477:WARNING:dns_config_service_win.cc(712)] Failed to read DnsConfig.
[0605/122144.494:WARNING:dns_config_service_win.cc(712)] Failed to read DnsConfig.
[0605/122147.397:WARNING:dns_config_service_win.cc(712)] Failed to read DnsConfig.
[0605/122149.287:WARNING:dns_config_service_win.cc(712)] Failed to read DnsConfig.
[0605/122149.348:WARNING:dns_config_service_win.cc(712)] Failed to read DnsConfig.
[0605/122149.487:WARNING:dns_config_service_win.cc(712)] Failed to read DnsConfig.
[0605/122149.498:WARNING:dns_config_service_win.cc(712)] Failed to read DnsConfig.
[0605/122152.411:WARNING:dns_config_service_win.cc(712)] Failed to read DnsConfig.
[0605/122154.291:WARNING:dns_config_service_win.cc(712)] Failed to read DnsConfig.
[0605/122154.351:WARNING:dns_config_service_win.cc(712)] Failed to read DnsConfig.
[0605/122154.489:WARNING:dns_config_service_win.cc(712)] Failed to read DnsConfig.
[0605/122154.502:WARNING:dns_config_service_win.cc(712)] Failed to read DnsConfig.
[0605/122157.425:WARNING:dns_config_service_win.cc(712)] Failed to read DnsConfig.
[0605/122159.294:WARNING:dns_config_service_win.cc(712)] Failed to read DnsConfig.
[0605/122159.355:WARNING:dns_config_service_win.cc(712)] Failed to read DnsConfig.
[0605/122159.511:WARNING:dns_config_service_win.cc(712)] Failed to read DnsConfig.
[0605/122202.433:WARNING:dns_config_service_win.cc(712)] Failed to read DnsConfig.
[0605/122204.300:WARNING:dns_config_service_win.cc(712)] Failed to read DnsConfig.
[0605/122204.359:WARNING:dns_config_service_win.cc(712)] Failed to read DnsConfig.
[0605/122204.516:WARNING:dns_config_service_win.cc(712)] Failed to read DnsConfig.
[0605/122207.443:WARNING:dns_config_service_win.cc(712)] Failed to read DnsConfig.
[0605/122209.305:WARNING:dns_config_service_win.cc(712)] Failed to read DnsConfig.
[0605/122209.362:WARNING:dns_config_service_win.cc(712)] Failed to read DnsConfig.
[0605/122209.532:WARNING:dns_config_service_win.cc(712)] Failed to read DnsConfig.
[0605/122212.457:WARNING:dns_config_service_win.cc(712)] Failed to read DnsConfig.
[0605/122214.309:WARNING:dns_config_service_win.cc(712)] Failed to read DnsConfig.
[0605/122214.367:WARNING:dns_config_service_win.cc(712)] Failed to read DnsConfig.
[0605/122214.539:WARNING:dns_config_service_win.cc(712)] Failed to read DnsConfig.
[0605/122217.474:WARNING:dns_config_service_win.cc(712)] Failed to read DnsConfig.
[0605/122219.313:WARNING:dns_config_service_win.cc(712)] Failed to read DnsConfig.
[0605/122219.371:WARNING:dns_config_service_win.cc(712)] Failed to read DnsConfig.
[0605/122219.555:WARNING:dns_config_service_win.cc(712)] Failed to read DnsConfig.
[0605/122222.489:WARNING:dns_config_service_win.cc(712)] Failed to read DnsConfig.
[0605/122224.317:WARNING:dns_config_service_win.cc(712)] Failed to read DnsConfig.
[0605/122224.375:WARNING:dns_config_service_win.cc(712)] Failed to read DnsConfig.
[0605/122224.573:WARNING:dns_config_service_win.cc(712)] Failed to read DnsConfig.
[0605/122227.501:WARNING:dns_config_service_win.cc(712)] Failed to read DnsConfig.
[0605/122229.322:WARNING:dns_config_service_win.cc(712)] Failed to read DnsConfig.
[0605/122229.378:WARNING:dns_config_service_win.cc(712)] Failed to read DnsConfig.
[0605/122229.586:WARNING:dns_config_service_win.cc(712)] Failed to read DnsConfig.
[0605/122232.512:WARNING:dns_config_service_win.cc(712)] Failed to read DnsConfig.
[0605/122234.325:WARNING:dns_config_service_win.cc(712)] Failed to read DnsConfig.
[0605/122234.383:WARNING:dns_config_service_win.cc(712)] Failed to read DnsConfig.
[0605/122234.599:WARNING:dns_config_service_win.cc(712)] Failed to read DnsConfig.
[0605/122237.526:WARNING:dns_config_service_win.cc(712)] Failed to read DnsConfig.
[0605/122239.329:WARNING:dns_config_service_win.cc(712)] Failed to read DnsConfig.
[0605/122239.387:WARNING:dns_config_service_win.cc(712)] Failed to read DnsConfig.
[0605/122239.610:WARNING:dns_config_service_win.cc(712)] Failed to read DnsConfig.
[0605/122242.531:WARNING:dns_config_service_win.cc(712)] Failed to read DnsConfig.
[0605/122244.332:WARNING:dns_config_service_win.cc(712)] Failed to read DnsConfig.
[0605/122244.391:WARNING:dns_config_service_win.cc(712)] Failed to read DnsConfig.
[0605/122244.617:WARNING:dns_config_service_win.cc(712)] Failed to read DnsConfig.
[0605/122247.538:WARNING:dns_config_service_win.cc(712)] Failed to read DnsConfig.
[0605/122249.336:WARNING:dns_config_service_win.cc(712)] Failed to read DnsConfig.
[0605/122249.395:WARNING:dns_config_service_win.cc(712)] Failed to read DnsConfig.
[0605/122249.634:WARNING:dns_config_service_win.cc(712)] Failed to read DnsConfig.
[0605/122252.553:WARNING:dns_config_service_win.cc(712)] Failed to read DnsConfig.
[0605/122254.339:WARNING:dns_config_service_win.cc(712)] Failed to read DnsConfig.
[0605/122254.399:WARNING:dns_config_service_win.cc(712)] Failed to read DnsConfig.
[0605/122254.639:WARNING:dns_config_service_win.cc(712)] Failed to read DnsConfig.
[0605/122257.563:WARNING:dns_config_service_win.cc(712)] Failed to read DnsConfig.
[0605/122259.344:WARNING:dns_config_service_win.cc(712)] Failed to read DnsConfig.
[0605/122259.403:WARNING:dns_config_service_win.cc(712)] Failed to read DnsConfig.
[0605/122259.655:WARNING:dns_config_service_win.cc(712)] Failed to read DnsConfig.
[0605/122302.568:WARNING:dns_config_service_win.cc(712)] Failed to read DnsConfig.
[0605/122304.349:WARNING:dns_config_service_win.cc(712)] Failed to read DnsConfig.
[0605/122304.407:WARNING:dns_config_service_win.cc(712)] Failed to read DnsConfig.
[0605/122304.665:WARNING:dns_config_service_win.cc(712)] Failed to read DnsConfig.
[0605/122307.583:WARNING:dns_config_service_win.cc(712)] Failed to read DnsConfig.
[0605/122309.353:WARNING:dns_config_service_win.cc(712)] Failed to read DnsConfig.
[0605/122309.411:WARNING:dns_config_service_win.cc(712)] Failed to read DnsConfig.
[0605/122309.679:WARNING:dns_config_service_win.cc(712)] Failed to read DnsConfig.
[0605/122312.594:WARNING:dns_config_service_win.cc(712)] Failed to read DnsConfig.
[0605/122314.357:WARNING:dns_config_service_win.cc(712)] Failed to read DnsConfig.
[0605/122314.415:WARNING:dns_config_service_win.cc(712)] Failed to read DnsConfig.
[0605/122314.687:WARNING:dns_config_service_win.cc(712)] Failed to read DnsConfig.
[0605/122317.601:WARNING:dns_config_service_win.cc(712)] Failed to read DnsConfig.
[0605/122319.362:WARNING:dns_config_service_win.cc(712)] Failed to read DnsConfig.
[0605/122319.419:WARNING:dns_config_service_win.cc(712)] Failed to read DnsConfig.
[0605/122319.693:WARNING:dns_config_service_win.cc(712)] Failed to read DnsConfig.
[0605/122322.614:WARNING:dns_config_service_win.cc(712)] Failed to read DnsConfig.
[0605/122324.364:WARNING:dns_config_service_win.cc(712)] Failed to read DnsConfig.
[0605/122324.423:WARNING:dns_config_service_win.cc(712)] Failed to read DnsConfig.
[0605/122324.702:WARNING:dns_config_service_win.cc(712)] Failed to read DnsConfig.
[0605/122327.632:WARNING:dns_config_service_win.cc(712)] Failed to read DnsConfig.
[0605/122329.368:WARNING:dns_config_service_win.cc(712)] Failed to read DnsConfig.
[0605/122329.427:WARNING:dns_config_service_win.cc(712)] Failed to read DnsConfig.
[0605/122329.717:WARNING:dns_config_service_win.cc(712)] Failed to read DnsConfig.
[0605/122332.636:WARNING:dns_config_service_win.cc(712)] Failed to read DnsConfig.
[0605/122334.373:WARNING:dns_config_service_win.cc(712)] Failed to read DnsConfig.
[0605/122334.432:WARNING:dns_config_service_win.cc(712)] Failed to read DnsConfig.
[0605/122334.727:WARNING:dns_config_service_win.cc(712)] Failed to read DnsConfig.
[0605/122337.654:WARNING:dns_config_service_win.cc(712)] Failed to read DnsConfig.
[0605/122339.377:WARNING:dns_config_service_win.cc(712)] Failed to read DnsConfig.
[0605/122339.436:WARNING:dns_config_service_win.cc(712)] Failed to read DnsConfig.
[0605/122339.736:WARNING:dns_config_service_win.cc(712)] Failed to read DnsConfig.
[0605/122342.662:WARNING:dns_config_service_win.cc(712)] Failed to read DnsConfig.
[0605/122344.381:WARNING:dns_config_service_win.cc(712)] Failed to read DnsConfig.
[0605/122344.439:WARNING:dns_config_service_win.cc(712)] Failed to read DnsConfig.
[0605/122344.746:WARNING:dns_config_service_win.cc(712)] Failed to read DnsConfig.
[0605/122347.675:WARNING:dns_config_service_win.cc(712)] Failed to read DnsConfig.
[0605/122349.386:WARNING:dns_config_service_win.cc(712)] Failed to read DnsConfig.
[0605/122349.444:WARNING:dns_config_service_win.cc(712)] Failed to read DnsConfig.
[0605/122349.754:WARNING:dns_config_service_win.cc(712)] Failed to read DnsConfig.
[0605/122352.684:WARNING:dns_config_service_win.cc(712)] Failed to read DnsConfig.
[0605/122354.389:WARNING:dns_config_service_win.cc(712)] Failed to read DnsConfig.
[0605/122354.448:WARNING:dns_config_service_win.cc(712)] Failed to read DnsConfig.
[0605/122354.773:WARNING:dns_config_service_win.cc(712)] Failed to read DnsConfig.
[0605/122357.701:WARNING:dns_config_service_win.cc(712)] Failed to read DnsConfig.
[0605/122359.393:WARNING:dns_config_service_win.cc(712)] Failed to read DnsConfig.
[0605/122359.453:WARNING:dns_config_service_win.cc(712)] Failed to read DnsConfig.
[0605/122359.788:WARNING:dns_config_service_win.cc(712)] Failed to read DnsConfig.
[0605/122402.709:WARNING:dns_config_service_win.cc(712)] Failed to read DnsConfig.
[0605/122404.398:WARNING:dns_config_service_win.cc(712)] Failed to read DnsConfig.
[0605/122404.458:WARNING:dns_config_service_win.cc(712)] Failed to read DnsConfig.
[0605/122404.795:WARNING:dns_config_service_win.cc(712)] Failed to read DnsConfig.
[0605/122407.720:WARNING:dns_config_service_win.cc(712)] Failed to read DnsConfig.
[0605/122409.402:WARNING:dns_config_service_win.cc(712)] Failed to read DnsConfig.
[0605/122409.464:WARNING:dns_config_service_win.cc(712)] Failed to read DnsConfig.
[0605/122409.802:WARNING:dns_config_service_win.cc(712)] Failed to read DnsConfig.
[0605/122412.732:WARNING:dns_config_service_win.cc(712)] Failed to read DnsConfig.
[0605/122414.406:WARNING:dns_config_service_win.cc(712)] Failed to read DnsConfig.
[0605/122414.468:WARNING:dns_config_service_win.cc(712)] Failed to read DnsConfig.
[0605/122414.817:WARNING:dns_config_service_win.cc(712)] Failed to read DnsConfig.
[0605/122417.744:WARNING:dns_config_service_win.cc(712)] Failed to read DnsConfig.
[0605/122419.411:WARNING:dns_config_service_win.cc(712)] Failed to read DnsConfig.
[0605/122419.474:WARNING:dns_config_service_win.cc(712)] Failed to read DnsConfig.
[0605/122419.824:WARNING:dns_config_service_win.cc(712)] Failed to read DnsConfig.
[0605/122422.757:WARNING:dns_config_service_win.cc(712)] Failed to read DnsConfig.
[0605/122424.414:WARNING:dns_config_service_win.cc(712)] Failed to read DnsConfig.
[0605/122424.477:WARNING:dns_config_service_win.cc(712)] Failed to read DnsConfig.
[0605/122424.827:WARNING:dns_config_service_win.cc(712)] Failed to read DnsConfig.
[0605/122427.776:WARNING:dns_config_service_win.cc(712)] Failed to read DnsConfig.
[0605/122429.419:WARNING:dns_config_service_win.cc(712)] Failed to read DnsConfig.
[0605/122429.482:WARNING:dns_config_service_win.cc(712)] Failed to read DnsConfig.
[0605/122429.842:WARNING:dns_config_service_win.cc(712)] Failed to read DnsConfig.
[0605/122432.791:WARNING:dns_config_service_win.cc(712)] Failed to read DnsConfig.
[0605/122434.423:WARNING:dns_config_service_win.cc(712)] Failed to read DnsConfig.
[0605/122434.485:WARNING:dns_config_service_win.cc(712)] Failed to read DnsConfig.
[0605/122434.853:WARNING:dns_config_service_win.cc(712)] Failed to read DnsConfig.
[0605/122437.810:WARNING:dns_config_service_win.cc(712)] Failed to read DnsConfig.
[0605/122439.426:WARNING:dns_config_service_win.cc(712)] Failed to read DnsConfig.
[0605/122439.489:WARNING:dns_config_service_win.cc(712)] Failed to read DnsConfig.
[0605/122439.866:WARNING:dns_config_service_win.cc(712)] Failed to read DnsConfig.
[0605/122442.826:WARNING:dns_config_service_win.cc(712)] Failed to read DnsConfig.
[0605/122444.432:WARNING:dns_config_service_win.cc(712)] Failed to read DnsConfig.
[0605/122444.494:WARNING:dns_config_service_win.cc(712)] Failed to read DnsConfig.
[0605/122444.883:WARNING:dns_config_service_win.cc(712)] Failed to read DnsConfig.
[0605/122447.843:WARNING:dns_config_service_win.cc(712)] Failed to read DnsConfig.
[0605/122449.184:WARNING:dns_config_service_win.cc(712)] Failed to read DnsConfig.
[0605/122449.208:WARNING:dns_config_service_win.cc(712)] Failed to read DnsConfig.
[0605/122449.223:WARNING:dns_config_service_win.cc(712)] Failed to read DnsConfig.
[0605/122449.229:WARNING:dns_config_service_win.cc(712)] Failed to read DnsConfig.
[0605/122449.244:WARNING:dns_config_service_win.cc(712)] Failed to read DnsConfig.
[0605/122449.251:WARNING:dns_config_service_win.cc(712)] Failed to read DnsConfig.
[0605/122449.435:WARNING:dns_config_service_win.cc(712)] Failed to read DnsConfig.
[0605/122449.497:WARNING:dns_config_service_win.cc(712)] Failed to read DnsConfig.
[0605/122449.889:WARNING:dns_config_service_win.cc(712)] Failed to read DnsConfig.
[0605/122452.852:WARNING:dns_config_service_win.cc(712)] Failed to read DnsConfig.
[0605/131947.182:WARNING:dns_config_service_win.cc(712)] Failed to read DnsConfig.
[0605/131947.185:WARNING:dns_config_service_win.cc(712)] Failed to read DnsConfig.
